\BOOKMARK [0][-]{chapter.1}{Overview}{}% 1
\BOOKMARK [1][-]{section.1.1}{Summary}{chapter.1}% 2
\BOOKMARK [1][-]{section.1.2}{Dates}{chapter.1}% 3
\BOOKMARK [1][-]{section.1.3}{Location}{chapter.1}% 4
\BOOKMARK [1][-]{section.1.4}{Program Goals}{chapter.1}% 5
\BOOKMARK [1][-]{section.1.5}{Features}{chapter.1}% 6
\BOOKMARK [1][-]{section.1.6}{Curriculum Overview}{chapter.1}% 7
\BOOKMARK [1][-]{section.1.7}{Daily Schedule}{chapter.1}% 8
\BOOKMARK [1][-]{section.1.8}{Notes}{chapter.1}% 9
\BOOKMARK [0][-]{chapter.2}{Philosophy}{}% 10
\BOOKMARK [1][-]{section.2.1}{Chelsea School}{chapter.2}% 11
\BOOKMARK [1][-]{section.2.2}{STEAM Camp}{chapter.2}% 12
\BOOKMARK [0][-]{chapter.3}{Programming Fundamentals...Program}{}% 13
\BOOKMARK [1][-]{section.3.1}{Time}{chapter.3}% 14
\BOOKMARK [1][-]{section.3.2}{Summary}{chapter.3}% 15
\BOOKMARK [1][-]{section.3.3}{Goal}{chapter.3}% 16
\BOOKMARK [1][-]{section.3.4}{Learning Outcomes}{chapter.3}% 17
\BOOKMARK [1][-]{section.3.5}{Schedule}{chapter.3}% 18
\BOOKMARK [0][-]{chapter.4}{Arts and Technology}{}% 19
\BOOKMARK [1][-]{section.4.1}{Time}{chapter.4}% 20
\BOOKMARK [1][-]{section.4.2}{Summary}{chapter.4}% 21
\BOOKMARK [1][-]{section.4.3}{Goal}{chapter.4}% 22
\BOOKMARK [1][-]{section.4.4}{Learning Outcomes}{chapter.4}% 23
\BOOKMARK [1][-]{section.4.5}{Schedule}{chapter.4}% 24
\BOOKMARK [0][-]{chapter.5}{Cybersecurity and Digital Forensics Program}{}% 25
\BOOKMARK [1][-]{section.5.1}{Description}{chapter.5}% 26
\BOOKMARK [1][-]{section.5.2}{Goal}{chapter.5}% 27
\BOOKMARK [1][-]{section.5.3}{Learning Outcomes}{chapter.5}% 28
\BOOKMARK [1][-]{section.5.4}{Hours}{chapter.5}% 29
\BOOKMARK [1][-]{section.5.5}{Topics \040A realistic plan is in place to address these topics to an appropriate degree, with time left for red-teaming and hands-on learning. As we get a snapshot of enrollment, the emphases with shift, and the delivery of content will be adjusted to meet the individual needs of participants. }{chapter.5}% 30
\BOOKMARK [1][-]{section.5.6}{Primary References}{chapter.5}% 31
\BOOKMARK [1][-]{section.5.7}{Technologies}{chapter.5}% 32
\BOOKMARK [1][-]{section.5.8}{Post-Secondary Paths}{chapter.5}% 33
\BOOKMARK [1][-]{section.5.9}{Notes}{chapter.5}% 34
\BOOKMARK [0][-]{chapter.6}{Game Design and Development Program}{}% 35
\BOOKMARK [0][-]{chapter.7}{Camp Faculty}{}% 36
\BOOKMARK [1][-]{section.7.1}{Rik Goldman}{chapter.7}% 37
\BOOKMARK [1][-]{section.7.2}{Sabre Goldman}{chapter.7}% 38
\BOOKMARK [1][-]{section.7.3}{David Vest}{chapter.7}% 39
\BOOKMARK [0][-]{chapter.8}{Frequently Asked Questions}{}% 40
\BOOKMARK [1][-]{section.8.1}{What is Chelsea School?}{chapter.8}% 41
\BOOKMARK [1][-]{section.8.2}{What is STEM Education? What then is STEAM education?}{chapter.8}% 42
\BOOKMARK [1][-]{section.8.3}{What is the location of the summer camp?}{chapter.8}% 43
\BOOKMARK [1][-]{section.8.4}{What are the camp hours?}{chapter.8}% 44
\BOOKMARK [1][-]{section.8.5}{What is the break and lunch plan?}{chapter.8}% 45
\BOOKMARK [1][-]{section.8.6}{How can a parent best support a participant?}{chapter.8}% 46
\BOOKMARK [1][-]{section.8.7}{What is the daily schedule?}{chapter.8}% 47
\BOOKMARK [1][-]{section.8.8}{What resources do participants need?}{chapter.8}% 48
\BOOKMARK [1][-]{section.8.9}{What additional resources are encouraged for participants?}{chapter.8}% 49
\BOOKMARK [1][-]{section.8.10}{Is homework assigned?}{chapter.8}% 50
\BOOKMARK [1][-]{section.8.11}{How can a participant prepare before camp starts?}{chapter.8}% 51
\BOOKMARK [1][-]{section.8.12}{Are there prerequisites for prospective participants?}{chapter.8}% 52
\BOOKMARK [1][-]{section.8.13}{Notes}{chapter.8}% 53
\BOOKMARK [0][-]{chapter.9}{Registration}{}% 54
\BOOKMARK [1][-]{section.9.1}{Registration Options}{chapter.9}% 55
\BOOKMARK [1][-]{section.9.2}{Open Registration}{chapter.9}% 56
\BOOKMARK [1][-]{section.9.3}{Registration How-To}{chapter.9}% 57
\BOOKMARK [0][-]{chapter.10}{Reference Tools}{}% 58
\BOOKMARK [0][-]{section*.3}{Index}{}% 59
